<?xml version="1.0" encoding="UTF-8"?>
<!-- Generated by org.testng.reporters.JUnitReportReporter -->
<testsuite hostname="SaribShamim-PC" failures="0" tests="2" name="SameBrowser_MultipleTestCases_Parameterization.testing" time="122.484" errors="0" timestamp="2022-05-06T12:46:39 PKT" skipped="0">
  <testcase classname="SameBrowser_MultipleTestCases_Parameterization.testing" name="openBrowser" time="40.869"/>
  <system-out/>
  <testcase classname="SameBrowser_MultipleTestCases_Parameterization.testing" name="openBrowser" time="81.615"/>
  <system-out/>
</testsuite> <!-- SameBrowser_MultipleTestCases_Parameterization.testing -->
