<?xml version="1.0" encoding="UTF-8"?>
<!-- Generated by org.testng.reporters.JUnitReportReporter -->
<testsuite hostname="Admin-PC" failures="1" tests="2" name="Runner.RunnerOfTest" time="151.433" errors="0" timestamp="2023-07-02T12:29:21 PKT" skipped="0">
  <testcase classname="Runner.RunnerOfTest" name="runScenario" time="50.746">
    <failure message="Invalid credentials expected [true] but found [false]" type="java.lang.AssertionError">
      <![CDATA[java.lang.AssertionError: Invalid credentials expected [true] but found [false]
at org.testng.Assert.fail(Assert.java:99)
at org.testng.Assert.failNotEquals(Assert.java:1037)
at org.testng.Assert.assertTrue(Assert.java:45)
at TestDefinitions.AdactinHotelReservationStepDefinitions.i_must_be_logged_to_continue_reservation(AdactinHotelReservationStepDefinitions.java:46)
at ✽.I must be logged to continue reservation(file:///E:/Sarib/My%20work/Home/Eclipse%20workspace/CucumberJava/src/test/resources/Features/AdactinHotelReservation.feature:8)
]]>
    </failure>
  </testcase> <!-- runScenario -->
  <system-out/>
  <testcase classname="Runner.RunnerOfTest" name="runScenario" time="100.687"/>
  <system-out/>
</testsuite> <!-- Runner.RunnerOfTest -->
