<?xml version="1.0" encoding="UTF-8"?>
<!-- Generated by org.testng.reporters.JUnitXMLReporter -->
<testsuite ignored="0" hostname="SaribShamim-PC" failures="0" tests="1" name="Default test" time="0.067" errors="0" timestamp="2022-05-05T23:48:07 PKT">
  <testcase classname="SameBrowser_MultipleTestCases_Parameterization.testing" name="@BeforeTest setBrowserAndGetValues" time="-1.651776487572E9">
    <failure type="org.testng.TestNGException" message="
Parameter &amp;apos;location&amp;apos; is required by BeforeTest on method setBrowserAndGetValues but has not been marked @Optional or defined
in C:\Users\Sarib Shamim\AppData\Local\Temp\testng-eclipse--1037425864\testng-customsuite.xml">
      <![CDATA[org.testng.TestNGException: 
Parameter 'location' is required by BeforeTest on method setBrowserAndGetValues but has not been marked @Optional or defined
in C:\Users\Sarib Shamim\AppData\Local\Temp\testng-eclipse--1037425864\testng-customsuite.xml
at org.testng.internal.Parameters.createParams(Parameters.java:270)
at org.testng.internal.Parameters.createParametersForMethod(Parameters.java:358)
at org.testng.internal.Parameters.createParameters(Parameters.java:700)
at org.testng.internal.Parameters.createConfigurationParameters(Parameters.java:168)
at org.testng.internal.ConfigInvoker.invokeConfigurations(ConfigInvoker.java:302)
at org.testng.TestRunner.invokeTestConfigurations(TestRunner.java:637)
at org.testng.TestRunner.beforeRun(TestRunner.java:627)
at org.testng.TestRunner.run(TestRunner.java:589)
at org.testng.SuiteRunner.runTest(SuiteRunner.java:377)
at org.testng.SuiteRunner.runSequentially(SuiteRunner.java:371)
at org.testng.SuiteRunner.privateRun(SuiteRunner.java:332)
at org.testng.SuiteRunner.run(SuiteRunner.java:276)
at org.testng.SuiteRunnerWorker.runSuite(SuiteRunnerWorker.java:53)
at org.testng.SuiteRunnerWorker.run(SuiteRunnerWorker.java:96)
at org.testng.TestNG.runSuitesSequentially(TestNG.java:1212)
at org.testng.TestNG.runSuitesLocally(TestNG.java:1134)
at org.testng.TestNG.runSuites(TestNG.java:1063)
at org.testng.TestNG.run(TestNG.java:1031)
at org.testng.remote.AbstractRemoteTestNG.run(AbstractRemoteTestNG.java:115)
at org.testng.remote.RemoteTestNG.initAndRun(RemoteTestNG.java:251)
at org.testng.remote.RemoteTestNG.main(RemoteTestNG.java:77)
]]>
    </failure>
  </testcase> <!-- @BeforeTest setBrowserAndGetValues -->
  <testcase classname="SameBrowser_MultipleTestCases_Parameterization.testing" name="@AfterTest shutDown" time="-1.65177648763E9">
    <skipped/>
  </testcase> <!-- @AfterTest shutDown -->
  <testcase classname="SameBrowser_MultipleTestCases_Parameterization.testing" name="openBrowser" time="0.0">
    <skipped/>
  </testcase> <!-- openBrowser -->
</testsuite> <!-- Default test -->
