<?xml version="1.0" encoding="UTF-8"?>
<testng-results ignored="3" total="4" passed="1" failed="0" skipped="0">
  <reporter-output>
  </reporter-output>
  <suite started-at="2023-04-23T21:23:34 PKT" name="Default suite" finished-at="2023-04-23T21:24:03 PKT" duration-ms="28986">
    <groups>
    </groups>
    <test started-at="2023-04-23T21:23:34 PKT" name="Default test" finished-at="2023-04-23T21:24:03 PKT" duration-ms="28986">
      <class name="testCases.homePageTest">
        <test-method is-config="true" signature="setUp()[pri:0, instance:testCases.homePageTest@3a93b025]" started-at="2023-04-23T21:23:34 PKT" name="setUp" finished-at="2023-04-23T21:23:59 PKT" duration-ms="25053" status="PASS">
          <reporter-output>
          </reporter-output>
        </test-method> <!-- setUp -->
        <test-method signature="clickOnContactsByHovering()[pri:4, instance:testCases.homePageTest@3a93b025]" started-at="2023-04-23T21:23:59 PKT" name="clickOnContactsByHovering" finished-at="2023-04-23T21:24:03 PKT" duration-ms="3780" status="PASS">
          <reporter-output>
          </reporter-output>
        </test-method> <!-- clickOnContactsByHovering -->
        <test-method is-config="true" signature="end()[pri:0, instance:testCases.homePageTest@3a93b025]" started-at="2023-04-23T21:24:03 PKT" name="end" finished-at="2023-04-23T21:24:03 PKT" duration-ms="4" status="PASS">
          <reporter-output>
          </reporter-output>
        </test-method> <!-- end -->
      </class> <!-- testCases.homePageTest -->
    </test> <!-- Default test -->
  </suite> <!-- Default suite -->
</testng-results>
