<?xml version="1.0" encoding="UTF-8"?>
<!-- Generated by org.testng.reporters.JUnitXMLReporter -->
<testsuite ignored="3" hostname="Admin-PC" failures="0" tests="1" name="Default test" time="28.986" errors="0" timestamp="2023-04-23T21:24:03 PKT">
  <testcase classname="testCases.homePageTest" name="clickOnContactsByHovering" time="3.78"/>
  <testcase classname="testCases.homePageTest" name="clickOnContacts" time="0.0">
    <ignored/>
  </testcase> <!-- clickOnContacts -->
  <testcase classname="testCases.homePageTest" name="validateTitle" time="0.0">
    <ignored/>
  </testcase> <!-- validateTitle -->
  <testcase classname="testCases.homePageTest" name="validateUsername" time="0.0">
    <ignored/>
  </testcase> <!-- validateUsername -->
</testsuite> <!-- Default test -->
