<?xml version="1.0" encoding="UTF-8"?>
<!-- Generated by org.testng.reporters.JUnitReportReporter -->
<testsuite hostname="SaribShamim-PC" failures="0" tests="2" name="SameBrowser_MultipleTestCases_Parameterization.testing" time="28.144" errors="0" timestamp="2022-05-05T20:38:19 PKT" skipped="0">
  <testcase classname="SameBrowser_MultipleTestCases_Parameterization.testing" name="openBrowser" time="14.687"/>
  <system-out/>
  <testcase classname="SameBrowser_MultipleTestCases_Parameterization.testing" name="openBrowser" time="13.457"/>
  <system-out/>
</testsuite> <!-- SameBrowser_MultipleTestCases_Parameterization.testing -->
