<?xml version="1.0" encoding="UTF-8"?>
<!-- Generated by org.testng.reporters.JUnitReportReporter -->
<testsuite hostname="Admin-PC" failures="0" tests="2" name="testCases.loginPageTest" time="78.059" errors="0" timestamp="2023-04-23T18:11:24 PKT" skipped="0">
  <testcase classname="testCases.loginPageTest" name="theTest" time="44.979"/>
  <system-out/>
  <testcase classname="testCases.loginPageTest" name="testStarts" time="33.080"/>
  <system-out/>
</testsuite> <!-- testCases.loginPageTest -->
