<?xml version="1.0" encoding="UTF-8"?>
<!-- Generated by org.testng.reporters.JUnitReportReporter -->
<testsuite hostname="Admin-PC" failures="0" tests="4" name="testCases.homePageTest" time="28.837" errors="0" timestamp="2023-04-23T21:24:03 PKT" skipped="3">
  <testcase classname="testCases.homePageTest" name="clickOnContactsByHovering" time="28.837"/>
  <system-out/>
  <testcase classname="testCases.homePageTest" name="clickOnContacts">
    <skipped/>
  </testcase> <!-- clickOnContacts -->
  <system-out/>
  <testcase classname="testCases.homePageTest" name="validateTitle">
    <skipped/>
  </testcase> <!-- validateTitle -->
  <system-out/>
  <testcase classname="testCases.homePageTest" name="validateUsername">
    <skipped/>
  </testcase> <!-- validateUsername -->
  <system-out/>
</testsuite> <!-- testCases.homePageTest -->
