<?xml version="1.0" encoding="UTF-8"?>
<testng-results ignored="0" total="2" passed="1" failed="1" skipped="0">
  <reporter-output>
  </reporter-output>
  <suite started-at="2023-07-02T12:26:32 PKT" name="Default suite" finished-at="2023-07-02T12:29:20 PKT" duration-ms="167625">
    <groups>
      <group name="cucumber">
        <method signature="AbstractTestNGCucumberTests.runScenario(io.cucumber.testng.PickleWrapper,io.cucumber.testng.FeatureWrapper)[pri:0, instance:Runner.RunnerOfTest@222545dc]" name="runScenario" class="io.cucumber.testng.AbstractTestNGCucumberTests"/>
      </group> <!-- cucumber -->
    </groups>
    <test started-at="2023-07-02T12:26:32 PKT" name="Default test" finished-at="2023-07-02T12:29:20 PKT" duration-ms="167625">
      <class name="Runner.RunnerOfTest">
        <test-method is-config="true" signature="setUpClass(org.testng.ITestContext)[pri:0, instance:Runner.RunnerOfTest@222545dc]" started-at="2023-07-02T12:26:32 PKT" name="setUpClass" finished-at="2023-07-02T12:26:36 PKT" duration-ms="3905" status="PASS">
          <params>
            <param index="0">
              <value>
                <![CDATA[org.testng.TestRunner@991cbde]]>
              </value>
            </param>
          </params>
          <reporter-output>
          </reporter-output>
        </test-method> <!-- setUpClass -->
        <test-method signature="runScenario(io.cucumber.testng.PickleWrapper,io.cucumber.testng.FeatureWrapper)[pri:0, instance:Runner.RunnerOfTest@222545dc]" started-at="2023-07-02T12:26:36 PKT" name="runScenario" description="Runs Cucumber Scenarios" data-provider="scenarios" finished-at="2023-07-02T12:27:27 PKT" duration-ms="50746" status="FAIL">
          <params>
            <param index="0">
              <value>
                <![CDATA["Successful Reservation"]]>
              </value>
            </param>
            <param index="1">
              <value>
                <![CDATA["Making reservation at Adactin Hotel"]]>
              </value>
            </param>
          </params>
          <exception class="java.lang.AssertionError">
            <message>
              <![CDATA[Invalid credentials expected [true] but found [false]]]>
            </message>
            <full-stacktrace>
              <![CDATA[java.lang.AssertionError: Invalid credentials expected [true] but found [false]
at org.testng.Assert.fail(Assert.java:99)
at org.testng.Assert.failNotEquals(Assert.java:1037)
at org.testng.Assert.assertTrue(Assert.java:45)
at TestDefinitions.AdactinHotelReservationStepDefinitions.i_must_be_logged_to_continue_reservation(AdactinHotelReservationStepDefinitions.java:46)
at ✽.I must be logged to continue reservation(file:///E:/Sarib/My%20work/Home/Eclipse%20workspace/CucumberJava/src/test/resources/Features/AdactinHotelReservation.feature:8)
]]>
            </full-stacktrace>
          </exception> <!-- java.lang.AssertionError -->
          <reporter-output>
          </reporter-output>
        </test-method> <!-- runScenario -->
        <test-method signature="runScenario(io.cucumber.testng.PickleWrapper,io.cucumber.testng.FeatureWrapper)[pri:0, instance:Runner.RunnerOfTest@222545dc]" started-at="2023-07-02T12:27:27 PKT" name="runScenario" description="Runs Cucumber Scenarios" data-provider="scenarios" finished-at="2023-07-02T12:29:08 PKT" duration-ms="100687" status="PASS">
          <params>
            <param index="0">
              <value>
                <![CDATA["Checking input and then clicking on"]]>
              </value>
            </param>
            <param index="1">
              <value>
                <![CDATA["Feature to search google search"]]>
              </value>
            </param>
          </params>
          <reporter-output>
          </reporter-output>
        </test-method> <!-- runScenario -->
        <test-method is-config="true" signature="tearDownClass()[pri:0, instance:Runner.RunnerOfTest@222545dc]" started-at="2023-07-02T12:29:08 PKT" name="tearDownClass" finished-at="2023-07-02T12:29:20 PKT" duration-ms="11986" status="PASS">
          <reporter-output>
          </reporter-output>
        </test-method> <!-- tearDownClass -->
      </class> <!-- Runner.RunnerOfTest -->
    </test> <!-- Default test -->
  </suite> <!-- Default suite -->
</testng-results>
