<?xml version="1.0" encoding="UTF-8"?>
<!-- Generated by org.testng.reporters.JUnitReportReporter -->
<testsuite hostname="SaribShamim-PC" failures="0" tests="2" name="third_project_short_basis.learning" time="31.384" errors="0" timestamp="2022-05-15T18:14:03 PKT" skipped="0">
  <testcase classname="third_project_short_basis.learning" name="openBrowser" time="20.384"/>
  <system-out/>
  <testcase classname="third_project_short_basis.learning" name="openBrowser" time="11.000"/>
  <system-out/>
</testsuite> <!-- third_project_short_basis.learning -->
