<?xml version="1.0" encoding="UTF-8"?>
<testng-results ignored="0" total="2" passed="2" failed="0" skipped="0">
  <reporter-output>
  </reporter-output>
  <suite started-at="2022-05-15T18:13:19 PKT" name="testing_suite" finished-at="2022-05-15T18:14:03 PKT" duration-ms="44668">
    <groups>
    </groups>
    <test started-at="2022-05-15T18:13:19 PKT" name="Check No.1" finished-at="2022-05-15T18:13:39 PKT" duration-ms="20304">
      <class name="third_project_short_basis.learning">
        <test-method is-config="true" signature="setBrowserAndGetValues(java.lang.String)[pri:0, instance:third_project_short_basis.learning@5ace1ed4]" started-at="2022-05-15T18:13:19 PKT" name="setBrowserAndGetValues" finished-at="2022-05-15T18:13:28 PKT" duration-ms="9143" status="PASS">
          <params>
            <param index="0">
              <value>
                <![CDATA[Selenium]]>
              </value>
            </param>
          </params>
          <reporter-output>
          </reporter-output>
        </test-method> <!-- setBrowserAndGetValues -->
        <test-method signature="openBrowser()[pri:0, instance:third_project_short_basis.learning@5ace1ed4]" started-at="2022-05-15T18:13:28 PKT" name="openBrowser" finished-at="2022-05-15T18:13:39 PKT" duration-ms="11000" status="PASS">
          <reporter-output>
          </reporter-output>
        </test-method> <!-- openBrowser -->
        <test-method is-config="true" signature="shutDown()[pri:0, instance:third_project_short_basis.learning@5ace1ed4]" started-at="2022-05-15T18:13:39 PKT" name="shutDown" finished-at="2022-05-15T18:13:39 PKT" duration-ms="2" status="PASS">
          <reporter-output>
          </reporter-output>
        </test-method> <!-- shutDown -->
      </class> <!-- third_project_short_basis.learning -->
    </test> <!-- Check No.1 -->
    <test started-at="2022-05-15T18:13:39 PKT" name="Check No.2" finished-at="2022-05-15T18:14:03 PKT" duration-ms="24088">
      <class name="third_project_short_basis.learning">
        <test-method is-config="true" signature="setBrowserAndGetValues(java.lang.String)[pri:0, instance:third_project_short_basis.learning@581ac8a8]" started-at="2022-05-15T18:13:39 PKT" name="setBrowserAndGetValues" finished-at="2022-05-15T18:13:43 PKT" duration-ms="3681" status="PASS">
          <params>
            <param index="0">
              <value>
                <![CDATA[LambdaTest]]>
              </value>
            </param>
          </params>
          <reporter-output>
          </reporter-output>
        </test-method> <!-- setBrowserAndGetValues -->
        <test-method signature="openBrowser()[pri:0, instance:third_project_short_basis.learning@581ac8a8]" started-at="2022-05-15T18:13:43 PKT" name="openBrowser" finished-at="2022-05-15T18:14:03 PKT" duration-ms="20384" status="PASS">
          <reporter-output>
          </reporter-output>
        </test-method> <!-- openBrowser -->
        <test-method is-config="true" signature="shutDown()[pri:0, instance:third_project_short_basis.learning@581ac8a8]" started-at="2022-05-15T18:14:03 PKT" name="shutDown" finished-at="2022-05-15T18:14:03 PKT" duration-ms="1" status="PASS">
          <reporter-output>
          </reporter-output>
        </test-method> <!-- shutDown -->
      </class> <!-- third_project_short_basis.learning -->
    </test> <!-- Check No.2 -->
  </suite> <!-- testing_suite -->
</testng-results>
