<?xml version="1.0" encoding="UTF-8"?>
<testng-results ignored="0" total="2" passed="2" failed="0" skipped="0">
  <reporter-output>
  </reporter-output>
  <suite started-at="2022-05-06T12:44:29 PKT" name="testing_suite" finished-at="2022-05-06T12:46:39 PKT" duration-ms="130134">
    <groups>
    </groups>
    <test started-at="2022-05-06T12:44:29 PKT" name="Check No.1" finished-at="2022-05-06T12:45:13 PKT" duration-ms="44508">
      <class name="SameBrowser_MultipleTestCases_Parameterization.testing">
        <test-method is-config="true" signature="setBrowserAndGetValues(java.lang.String,java.lang.String,java.lang.String,java.lang.String,java.lang.String,java.lang.String,java.lang.String,java.lang.String,java.lang.String,java.lang.String,java.lang.String,java.lang.String)[pri:0, instance:SameBrowser_MultipleTestCases_Parameterization.testing@1cbb87f3]" started-at="2022-05-06T12:44:29 PKT" name="setBrowserAndGetValues" finished-at="2022-05-06T12:44:32 PKT" duration-ms="3598" status="PASS">
          <params>
            <param index="0">
              <value>
                <![CDATA[London]]>
              </value>
            </param>
            <param index="1">
              <value>
                <![CDATA[Hotel Sunshine]]>
              </value>
            </param>
            <param index="2">
              <value>
                <![CDATA[10/05/2022]]>
              </value>
            </param>
            <param index="3">
              <value>
                <![CDATA[17/05/2022]]>
              </value>
            </param>
            <param index="4">
              <value>
                <![CDATA[Ahmed]]>
              </value>
            </param>
            <param index="5">
              <value>
                <![CDATA[Khalid]]>
              </value>
            </param>
            <param index="6">
              <value>
                <![CDATA[North town, orange road, blue building, white house]]>
              </value>
            </param>
            <param index="7">
              <value>
                <![CDATA[1111111111111111]]>
              </value>
            </param>
            <param index="8">
              <value>
                <![CDATA[2122]]>
              </value>
            </param>
            <param index="9">
              <value>
                <![CDATA[Master Card]]>
              </value>
            </param>
            <param index="10">
              <value>
                <![CDATA[December]]>
              </value>
            </param>
            <param index="11">
              <value>
                <![CDATA[2022]]>
              </value>
            </param>
          </params>
          <reporter-output>
          </reporter-output>
        </test-method> <!-- setBrowserAndGetValues -->
        <test-method signature="openBrowser()[pri:0, instance:SameBrowser_MultipleTestCases_Parameterization.testing@1cbb87f3]" started-at="2022-05-06T12:44:32 PKT" name="openBrowser" finished-at="2022-05-06T12:45:13 PKT" duration-ms="40869" status="PASS">
          <reporter-output>
          </reporter-output>
        </test-method> <!-- openBrowser -->
      </class> <!-- SameBrowser_MultipleTestCases_Parameterization.testing -->
    </test> <!-- Check No.1 -->
    <test started-at="2022-05-06T12:45:13 PKT" name="Check No.2" finished-at="2022-05-06T12:46:39 PKT" duration-ms="85529">
      <class name="SameBrowser_MultipleTestCases_Parameterization.testing">
        <test-method is-config="true" signature="setBrowserAndGetValues(java.lang.String,java.lang.String,java.lang.String,java.lang.String,java.lang.String,java.lang.String,java.lang.String,java.lang.String,java.lang.String,java.lang.String,java.lang.String,java.lang.String)[pri:0, instance:SameBrowser_MultipleTestCases_Parameterization.testing@71238fc2]" started-at="2022-05-06T12:45:13 PKT" name="setBrowserAndGetValues" finished-at="2022-05-06T12:45:17 PKT" duration-ms="3908" status="PASS">
          <params>
            <param index="0">
              <value>
                <![CDATA[Sydney]]>
              </value>
            </param>
            <param index="1">
              <value>
                <![CDATA[Hotel Sunshine]]>
              </value>
            </param>
            <param index="2">
              <value>
                <![CDATA[09/05/2022]]>
              </value>
            </param>
            <param index="3">
              <value>
                <![CDATA[20/05/2022]]>
              </value>
            </param>
            <param index="4">
              <value>
                <![CDATA[Sarib]]>
              </value>
            </param>
            <param index="5">
              <value>
                <![CDATA[Shamim]]>
              </value>
            </param>
            <param index="6">
              <value>
                <![CDATA[West town, black road, white building, pink house]]>
              </value>
            </param>
            <param index="7">
              <value>
                <![CDATA[2222222222222222]]>
              </value>
            </param>
            <param index="8">
              <value>
                <![CDATA[9876]]>
              </value>
            </param>
            <param index="9">
              <value>
                <![CDATA[VISA]]>
              </value>
            </param>
            <param index="10">
              <value>
                <![CDATA[November]]>
              </value>
            </param>
            <param index="11">
              <value>
                <![CDATA[2022]]>
              </value>
            </param>
          </params>
          <reporter-output>
          </reporter-output>
        </test-method> <!-- setBrowserAndGetValues -->
        <test-method signature="openBrowser()[pri:0, instance:SameBrowser_MultipleTestCases_Parameterization.testing@71238fc2]" started-at="2022-05-06T12:45:17 PKT" name="openBrowser" finished-at="2022-05-06T12:46:39 PKT" duration-ms="81615" status="PASS">
          <reporter-output>
          </reporter-output>
        </test-method> <!-- openBrowser -->
      </class> <!-- SameBrowser_MultipleTestCases_Parameterization.testing -->
    </test> <!-- Check No.2 -->
  </suite> <!-- testing_suite -->
</testng-results>
