<?xml version="1.0" encoding="UTF-8"?>
<!-- Generated by org.testng.reporters.JUnitXMLReporter -->
<testsuite ignored="0" hostname="SaribShamim-PC" failures="0" tests="3" name="Test" time="68.024" errors="0" timestamp="2022-04-24T17:17:48 PKT">
  <testcase classname="third_project_short_basis.learning" name="testNoParameter" time="25.208"/>
  <testcase classname="third_project_short_basis.learning" name="testNoParameter2" time="20.028"/>
  <testcase classname="third_project_short_basis.learning" name="testNoParameter3" time="22.71"/>
</testsuite> <!-- Test -->
