<?xml version="1.0" encoding="UTF-8"?>
<testng-results ignored="0" total="2" passed="2" failed="0" skipped="0">
  <reporter-output>
  </reporter-output>
  <suite started-at="2022-05-05T20:37:42 PKT" name="testing_suite" finished-at="2022-05-05T20:38:19 PKT" duration-ms="37312">
    <groups>
    </groups>
    <test started-at="2022-05-05T20:37:42 PKT" name="Check No.1" finished-at="2022-05-05T20:38:03 PKT" duration-ms="21755">
      <class name="SameBrowser_MultipleTestCases_Parameterization.testing">
        <test-method is-config="true" signature="setBrowserAndGetValues(java.lang.String)[pri:0, instance:SameBrowser_MultipleTestCases_Parameterization.testing@b62d79]" started-at="2022-05-05T20:37:42 PKT" name="setBrowserAndGetValues" finished-at="2022-05-05T20:37:49 PKT" duration-ms="7028" status="PASS">
          <params>
            <param index="0">
              <value>
                <![CDATA[Selenium]]>
              </value>
            </param>
          </params>
          <reporter-output>
          </reporter-output>
        </test-method> <!-- setBrowserAndGetValues -->
        <test-method signature="openBrowser()[pri:0, instance:SameBrowser_MultipleTestCases_Parameterization.testing@b62d79]" started-at="2022-05-05T20:37:49 PKT" name="openBrowser" finished-at="2022-05-05T20:38:03 PKT" duration-ms="14687" status="PASS">
          <reporter-output>
          </reporter-output>
        </test-method> <!-- openBrowser -->
      </class> <!-- SameBrowser_MultipleTestCases_Parameterization.testing -->
    </test> <!-- Check No.1 -->
    <test started-at="2022-05-05T20:38:03 PKT" name="Check No.2" finished-at="2022-05-05T20:38:19 PKT" duration-ms="15469">
      <class name="SameBrowser_MultipleTestCases_Parameterization.testing">
        <test-method is-config="true" signature="setBrowserAndGetValues(java.lang.String)[pri:0, instance:SameBrowser_MultipleTestCases_Parameterization.testing@1b1426f4]" started-at="2022-05-05T20:38:03 PKT" name="setBrowserAndGetValues" finished-at="2022-05-05T20:38:05 PKT" duration-ms="2010" status="PASS">
          <params>
            <param index="0">
              <value>
                <![CDATA[LambdaTest]]>
              </value>
            </param>
          </params>
          <reporter-output>
          </reporter-output>
        </test-method> <!-- setBrowserAndGetValues -->
        <test-method signature="openBrowser()[pri:0, instance:SameBrowser_MultipleTestCases_Parameterization.testing@1b1426f4]" started-at="2022-05-05T20:38:05 PKT" name="openBrowser" finished-at="2022-05-05T20:38:19 PKT" duration-ms="13457" status="PASS">
          <reporter-output>
          </reporter-output>
        </test-method> <!-- openBrowser -->
      </class> <!-- SameBrowser_MultipleTestCases_Parameterization.testing -->
    </test> <!-- Check No.2 -->
  </suite> <!-- testing_suite -->
</testng-results>
