<?xml version="1.0" encoding="UTF-8"?>
<!-- Generated by org.testng.reporters.JUnitXMLReporter -->
<testsuite ignored="0" hostname="Admin-PC" failures="1" tests="2" name="Default test" time="167.625" errors="0" timestamp="2023-07-02T12:29:20 PKT">
  <testcase classname="io.cucumber.testng.AbstractTestNGCucumberTests" name="runScenario" time="50.746">
    <failure type="java.lang.AssertionError" message="Invalid credentials expected [true] but found [false]">
      <![CDATA[java.lang.AssertionError: Invalid credentials expected [true] but found [false]
at org.testng.Assert.fail(Assert.java:99)
at org.testng.Assert.failNotEquals(Assert.java:1037)
at org.testng.Assert.assertTrue(Assert.java:45)
at TestDefinitions.AdactinHotelReservationStepDefinitions.i_must_be_logged_to_continue_reservation(AdactinHotelReservationStepDefinitions.java:46)
at ✽.I must be logged to continue reservation(file:///E:/Sarib/My%20work/Home/Eclipse%20workspace/CucumberJava/src/test/resources/Features/AdactinHotelReservation.feature:8)
]]>
    </failure>
  </testcase> <!-- runScenario -->
  <testcase classname="io.cucumber.testng.AbstractTestNGCucumberTests" name="runScenario" time="100.687"/>
</testsuite> <!-- Default test -->
